Symbol range map extraction starting
Processing 30 files
processing com\muzmod\MuzMod.java
processing com\muzmod\account\AccountManager.java
processing com\muzmod\config\ModConfig.java
processing com\muzmod\gui\GuiAccountManager.java
processing com\muzmod\gui\ModernGuiUtils.java
processing com\muzmod\gui\MuzModGui.java
processing com\muzmod\gui\MuzModGuiModern.java
processing com\muzmod\handler\EventHandler.java
processing com\muzmod\handler\KeyBindHandler.java
processing com\muzmod\render\OverlayRenderer.java
processing com\muzmod\render\WorldRenderer.java
processing com\muzmod\rotation\AntiAfkRotation.java
processing com\muzmod\rotation\PositionAdjuster.java
processing com\muzmod\rotation\SmoothRotation.java
processing com\muzmod\schedule\ScheduleEntry.java
processing com\muzmod\schedule\ScheduleManager.java
processing com\muzmod\state\AbstractState.java
processing com\muzmod\state\IState.java
processing com\muzmod\state\StateManager.java
processing com\muzmod\state\impl\AFKState.java
processing com\muzmod\state\impl\IdleState.java
processing com\muzmod\state\impl\MiningState.java
processing com\muzmod\state\impl\OXState.java
processing com\muzmod\state\impl\RepairState.java
processing com\muzmod\state\impl\SafeState.java
processing com\muzmod\util\BlockScanner.java
processing com\muzmod\util\InputSimulator.java
processing com\muzmod\util\PathFinder.java
processing com\muzmod\util\PlayerDetector.java
processing com\muzmod\util\RotationUtils.java
